生成启动时间为 2012/7/10 23:53:26。
     1>项目“I:\我的文档\Visual Studio 2010\Projects\OfficeTools\learnc\learnc.vcxproj”在节点 2 上(build 个目标)。
     1>InitializeBuildStatus:
         正在创建“Debug\learnc.unsuccessfulbuild”，因为已指定“AlwaysCreate”。
       ClCompile:
         I:\apps\Microsoft Visual Studio 10.0\VC\bin\CL.exe /c /ZI /nologo /W3 /WX- /Od /Oy- /D WIN32 /D _DEBUG /D _CONSOLE /D _UNICODE /D UNICODE /Gm /EHsc /RTC1 /MDd /GS /fp:precise /Zc:wchar_t /Zc:forScope /Yc"StdAfx.h" /Fp"Debug\learnc.pch" /Fo"Debug\\" /Fd"Debug\vc100.pdb" /Gd /TP /analyze- /errorReport:prompt stdafx.cpp
         stdafx.cpp
         I:\apps\Microsoft Visual Studio 10.0\VC\bin\CL.exe /c /ZI /nologo /W3 /WX- /Od /Oy- /D WIN32 /D _DEBUG /D _CONSOLE /D _UNICODE /D UNICODE /Gm /EHsc /RTC1 /MDd /GS /fp:precise /Zc:wchar_t /Zc:forScope /Yu"StdAfx.h" /Fp"Debug\learnc.pch" /Fo"Debug\\" /Fd"Debug\vc100.pdb" /Gd /TP /analyze- /errorReport:prompt learnc.cpp
         learnc.cpp
       ManifestResourceCompile:
         C:\Program Files\Microsoft SDKs\Windows\v7.0A\bin\rc.exe /nologo /fo"Debug\learnc.exe.embed.manifest.res" Debug\learnc_manifest.rc 
       Link:
         I:\apps\Microsoft Visual Studio 10.0\VC\bin\link.exe /ERRORREPORT:PROMPT /OUT:"I:\我的文档\Visual Studio 2010\Projects\OfficeTools\Debug\learnc.exe" /INCREMENTAL /NOLOGO kernel32.lib user32.lib gdi32.lib winspool.lib comdlg32.lib advapi32.lib shell32.lib ole32.lib oleaut32.lib uuid.lib odbc32.lib odbccp32.lib /MANIFEST /ManifestFile:"Debug\learnc.exe.intermediate.manifest" /MANIFESTUAC:"level='asInvoker' uiAccess='false'" /DEBUG /PDB:"I:\我的文档\Visual Studio 2010\Projects\OfficeTools\Debug\learnc.pdb" /SUBSYSTEM:CONSOLE /TLBID:1 /DYNAMICBASE /NXCOMPAT /IMPLIB:"I:\我的文档\Visual Studio 2010\Projects\OfficeTools\Debug\learnc.lib" /MACHINE:X86 Debug\learnc.exe.embed.manifest.res
         Debug\learnc.obj
         Debug\stdafx.obj
       Manifest:
         C:\Program Files\Microsoft SDKs\Windows\v7.0A\bin\mt.exe /nologo /verbose /out:"Debug\learnc.exe.embed.manifest" /manifest Debug\learnc.exe.intermediate.manifest
         所有输出均为最新。
       LinkEmbedManifest:
         所有输出均为最新。
         learnc.vcxproj -> I:\我的文档\Visual Studio 2010\Projects\OfficeTools\Debug\learnc.exe
       FinalizeBuildStatus:
         正在删除文件“Debug\learnc.unsuccessfulbuild”。
         正在对“Debug\learnc.lastbuildstate”执行 Touch 任务。
     1>已完成生成项目“I:\我的文档\Visual Studio 2010\Projects\OfficeTools\learnc\learnc.vcxproj”(build 个目标)的操作。

生成成功。

已用时间 00:00:15.39
